Arguments: 
  /usr/local/Cellar/node/11.0.0/bin/node /usr/local/Cellar/yarn/1.10.1/libexec/bin/yarn.js publish

PATH: 
  /Users/konrad/Config/scripts:/usr/local/bin:/usr/bin:/bin:/usr/sbin:/sbin

Yarn version: 
  1.10.1

Node version: 
  11.0.0

Platform: 
  darwin x64

Trace: 
  Error: canceled
      at Interface.<anonymous> (/usr/local/Cellar/yarn/1.10.1/libexec/lib/cli.js:116426:13)
      at Interface.emit (events.js:182:13)
      at Interface._ttyWrite (readline.js:783:16)
      at ReadStream.onkeypress (readline.js:168:10)
      at ReadStream.emit (events.js:182:13)
      at emitKeys (internal/readline.js:424:14)
      at emitKeys.next (<anonymous>)
      at ReadStream.onData (readline.js:1020:36)
      at ReadStream.emit (events.js:182:13)
      at addChunk (_stream_readable.js:283:12)

npm manifest: 
  {
    "name": "number-currency-format",
    "version": "1.0.9",
    "description": "Dependency-less price formatting",
    "main": "index.js",
    "scripts": {
      "test": "node test.js"
    },
    "keywords": [
      "price",
      "currency",
      "i18n",
      "intl",
      "money"
    ],
    "author": "Konrad Zdanowicz",
    "license": "ISC"
  }

yarn manifest: 
  No manifest

Lockfile: 
  No lockfile
